[LOG] System::create                           : Header version = 1.10.00. Current version = 1.10.00.
[LOG] SystemI::setOutputInternal               : Setting output to type 0
[LOG] Manager::init                            : maxchannels = 1024 studioflags = 00000009 flags 00000000 extradriverdata 0000000000000000.
[LOG] SystemI::init                            : FMOD Studio Version: 00011000 (90329)
[LOG] SystemI::init                            : maxchannels = 1024, flags = 00030000, extradriverdata = 0000000000000000
[LOG] SystemI::setOutputInternal               : Setting output to type 8
[LOG] SystemI::setOutputInternal               : Setting output to type 8
[LOG] SystemI::setOutputInternal               : Setting output to type 8
[LOG] OutputWASAPI::init                       : Mix Format (WAVEFORMATEX): wFormatTag=0xFFFE, nChannels=8, nSamplesPerSec=48000, nAvgBytesPerSec=1536000, nBlockAlign=32, wBitsPerSample=32, cbSize=22.
[LOG] OutputWASAPI::init                       : Mix Format (WAVEFORMATEXTENSIBLE): wValidBitsPerSample=32, dwChannelMask=0x0000063F, SubFormat=00000003-0000-0010-8000-00AA00389B71.
[ERR] OutputWASAPI::init                       : IAudioClient::Initialize returned 0x88890008.
[LOG] SystemI::close                           : 
[LOG] SystemI::close                           : Stop all sounds
[LOG] SystemI::close                           : Free software output.
[LOG] SystemI::close                           : done.

[LOG] LiveUpdate::release                      : 
[LOG] LiveUpdate::reset                        : Reset connection (reason Disconnected)
[LOG] System::create                           : Header version = 1.10.00. Current version = 1.10.00.
[LOG] SystemI::setOutputInternal               : Setting output to type 2
[LOG] Manager::init                            : maxchannels = 1024 studioflags = 00000009 flags 00000000 extradriverdata 0000000000000000.
[LOG] SystemI::init                            : FMOD Studio Version: 00011000 (90329)
[LOG] SystemI::init                            : maxchannels = 1024, flags = 00030000, extradriverdata = 0000000000000000
[LOG] SystemI::setOutputInternal               : Setting output to type 2
[LOG] SystemI::setOutputInternal               : Setting output to type 2
[LOG] SystemI::setOutputInternal               : Setting output to type 2
[LOG] OutputNoSound::init                      : Initializing.
[LOG] OutputNoSound::init                      : Done.
[LOG] SystemI::init                            : Create master channel group and master sound group.
[LOG] SystemI::init                            : Set up emulated output.  1024 channels
[LOG] SystemI::init                            : create the channel pool
[LOG] SystemI::init                            : create the stream thread
[LOG] Thread::initThread                       : Init FMOD stream thread. Priority: 2, Stack Size: 65536, Semaphore: No, Sleep Time: 10, Looping: Yes.
[LOG] SystemI::DSPCodecPoolRegister            : register codec pool for pool type 5
[LOG] Thread::initThread                       : Init FMOD mixer thread. Priority: 3, Stack Size: 49152, Semaphore: No, Sleep Time: 7, Looping: Yes.
[LOG] AsyncManager::init                       : manager 00000000B3E3DC78 isAsync 1 updatePeriod 0.02
[LOG] Thread::initThread                       : Init FMOD Studio update thread. Priority: 0, Stack Size: 65536, Semaphore: No, Sleep Time: 1, Looping: No.
[LOG] AsyncManager::init                       : done
[LOG] PlaybackSystem::init                     : 
[LOG] Thread::initThread                       : Init FMOD Studio sample load thread. Priority: 0, Stack Size: 65536, Semaphore: No, Sleep Time: 1, Looping: No.
[LOG] PlaybackSystem::init                     : done
[LOG] LiveUpdate::init                         : 
[LOG] Thread::initThread                       : Init FMOD Studio bank load thread. Priority: 0, Stack Size: 65536, Semaphore: No, Sleep Time: 1, Looping: No.
[LOG] Manager::init                            : done.
[LOG] Profile::init                            : Profiler listening on port: 9264
[LOG] Manager::readBank                        : fileversion = 99, compatVersion = 99 (oldest = 44, newest = 99)
[LOG] Manager::readBank                        : fileversion = 99, compatVersion = 99 (oldest = 44, newest = 99)
[LOG] PlaybackSystem::acquireMasterBus         : Setting master channel group format to 6
[LOG] SystemI::createSoundInternal             : filename =  : mode 02000202
[LOG] SystemI::createSoundInternal             : exinfo->cbsize             = 232
[LOG] SystemI::createSoundInternal             : exinfo->length             = 9376448
[LOG] SystemI::createSoundInternal             : exinfo->fileoffset         = 185888
[LOG] SystemI::createSoundInternal             : exinfo->numsubsounds       = 1
[LOG] SystemI::createSoundInternal             : exinfo->inclusionlist      = 00000000BF42F5FC
[LOG] SystemI::createSoundInternal             : exinfo->inclusionlistnum   = 1
[LOG] SystemI::createSoundInternal             : exinfo->suggestedsoundtype = 5
[LOG] SystemI::createSoundInternal             : exinfo->useropen           = 00007FFA926A5C70
[LOG] SystemI::createSoundInternal             : exinfo->userclose          = 00007FFA926A5C40
[LOG] SystemI::createSoundInternal             : exinfo->userread           = 00007FFA926A5D40
[LOG] SystemI::createSoundInternal             : exinfo->userseek           = 00007FFA926A5DF0
[LOG] SystemI::createSoundInternal             : exinfo->fileuserdata       = 00000000B3E7DAE8
[LOG] SystemI::createSoundInternal             : exinfo->initialseekpostype = 1
[LOG] SystemI::DSPCodecPoolRegister            : register codec pool for pool type 5
[LOG] SystemI::createSoundInternal             : Format has 1 subsounds.
[LOG] SystemI::createSoundInternal             : Create as FMOD_CREATESAMPLE
[LOG] SystemI::createSoundInternal             : Multi-sample sound (1 subsounds), create a sample container.
[LOG] SystemI::createSoundInternal             : creating subsound 0/1
[LOG] SystemI::createSample                    : mode 02000202 length 61308 samples, lengthbytes 12608
[LOG] SystemI::createSample                    : channels = 2
[LOG] SystemI::createSample                    : output = 0000000060336718
[LOG] OutputSoftware::createSample             : lengthpcm 61308, lengthbytes 12608, channels 2, format 2, freq 48000, mode 0200020a
[LOG] SystemI::createSoundInternal             : No name found in file, use filename.
[LOG] SystemI::createSoundInternal             : done.  OpenState now = FMOD_OPENSTATE_READY.

[LOG] SystemI::createSoundInternal             : filename =  : mode 02000202
[LOG] SystemI::createSoundInternal             : exinfo->cbsize             = 232
[LOG] SystemI::createSoundInternal             : exinfo->length             = 9376448
[LOG] SystemI::createSoundInternal             : exinfo->fileoffset         = 185888
[LOG] SystemI::createSoundInternal             : exinfo->numsubsounds       = 1
[LOG] SystemI::createSoundInternal             : exinfo->inclusionlist      = 00000000BF42F5FC
[LOG] SystemI::createSoundInternal             : exinfo->inclusionlistnum   = 1
[LOG] SystemI::createSoundInternal             : exinfo->suggestedsoundtype = 5
[LOG] SystemI::createSoundInternal             : exinfo->useropen           = 00007FFA926A5C70
[LOG] SystemI::createSoundInternal             : exinfo->userclose          = 00007FFA926A5C40
[LOG] SystemI::createSoundInternal             : exinfo->userread           = 00007FFA926A5D40
[LOG] SystemI::createSoundInternal             : exinfo->userseek           = 00007FFA926A5DF0
[LOG] SystemI::createSoundInternal             : exinfo->fileuserdata       = 00000000B3E7DAE8
[LOG] SystemI::createSoundInternal             : exinfo->initialseekpostype = 1
[LOG] SystemI::DSPCodecPoolRegister            : register codec pool for pool type 5
[LOG] SystemI::createSoundInternal             : Format has 1 subsounds.
[LOG] SystemI::createSoundInternal             : Create as FMOD_CREATESAMPLE
[LOG] SystemI::createSoundInternal             : Multi-sample sound (1 subsounds), create a sample container.
[LOG] SystemI::createSoundInternal             : creating subsound 0/1
[LOG] SystemI::createSample                    : mode 02000202 length 61308 samples, lengthbytes 2976
[LOG] SystemI::createSample                    : channels = 2
[LOG] SystemI::createSample                    : output = 0000000060336718
[LOG] OutputSoftware::createSample             : lengthpcm 61308, lengthbytes 2976, channels 2, format 2, freq 48000, mode 0200020a
[LOG] SystemI::createSoundInternal             : No name found in file, use filename.
[LOG] SystemI::createSoundInternal             : done.  OpenState now = FMOD_OPENSTATE_READY.

[LOG] SystemI::createSoundInternal             : filename =  : mode 02000202
[LOG] SystemI::createSoundInternal             : exinfo->cbsize             = 232
[LOG] SystemI::createSoundInternal             : exinfo->length             = 9376448
[LOG] SystemI::createSoundInternal             : exinfo->fileoffset         = 185888
[LOG] SystemI::createSoundInternal             : exinfo->numsubsounds       = 1
[LOG] SystemI::createSoundInternal             : exinfo->inclusionlist      = 00000000BF42F5FC
[LOG] SystemI::createSoundInternal             : exinfo->inclusionlistnum   = 1
[LOG] SystemI::createSoundInternal             : exinfo->suggestedsoundtype = 5
[LOG] SystemI::createSoundInternal             : exinfo->useropen           = 00007FFA926A5C70
[LOG] SystemI::createSoundInternal             : exinfo->userclose          = 00007FFA926A5C40
[LOG] SystemI::createSoundInternal             : exinfo->userread           = 00007FFA926A5D40
[LOG] SystemI::createSoundInternal             : exinfo->userseek           = 00007FFA926A5DF0
[LOG] SystemI::createSoundInternal             : exinfo->fileuserdata       = 00000000B3E7DAE8
[LOG] SystemI::createSoundInternal             : exinfo->initialseekpostype = 1
[LOG] SystemI::DSPCodecPoolRegister            : register codec pool for pool type 5
[LOG] SystemI::createSoundInternal             : Format has 1 subsounds.
[LOG] SystemI::createSoundInternal             : Create as FMOD_CREATESAMPLE
[LOG] SystemI::createSoundInternal             : Multi-sample sound (1 subsounds), create a sample container.
[LOG] SystemI::createSoundInternal             : creating subsound 0/1
[LOG] SystemI::createSample                    : mode 02000202 length 58837 samples, lengthbytes 13184
[LOG] SystemI::createSample                    : channels = 2
[LOG] SystemI::createSample                    : output = 0000000060336718
[LOG] OutputSoftware::createSample             : lengthpcm 58837, lengthbytes 13184, channels 2, format 2, freq 48000, mode 0200020a
[LOG] SystemI::createSoundInternal             : No name found in file, use filename.
[LOG] SystemI::createSoundInternal             : done.  OpenState now = FMOD_OPENSTATE_READY.

[LOG] SystemI::createSoundInternal             : filename =  : mode 02000202
[LOG] SystemI::createSoundInternal             : exinfo->cbsize             = 232
[LOG] SystemI::createSoundInternal             : exinfo->length             = 9376448
[LOG] SystemI::createSoundInternal             : exinfo->fileoffset         = 185888
[LOG] SystemI::createSoundInternal             : exinfo->numsubsounds       = 1
[LOG] SystemI::createSoundInternal             : exinfo->inclusionlist      = 00000000BF42F5FC
[LOG] SystemI::createSoundInternal             : exinfo->inclusionlistnum   = 1
[LOG] SystemI::createSoundInternal             : exinfo->suggestedsoundtype = 5
[LOG] SystemI::createSoundInternal             : exinfo->useropen           = 00007FFA926A5C70
[LOG] SystemI::createSoundInternal             : exinfo->userclose          = 00007FFA926A5C40
[LOG] SystemI::createSoundInternal             : exinfo->userread           = 00007FFA926A5D40
[LOG] SystemI::createSoundInternal             : exinfo->userseek           = 00007FFA926A5DF0
[LOG] SystemI::createSoundInternal             : exinfo->fileuserdata       = 00000000B3E7DAE8
[LOG] SystemI::createSoundInternal             : exinfo->initialseekpostype = 1
[LOG] SystemI::DSPCodecPoolRegister            : register codec pool for pool type 5
[LOG] SystemI::createSoundInternal             : Format has 1 subsounds.
[LOG] SystemI::createSoundInternal             : Create as FMOD_CREATESAMPLE
[LOG] SystemI::createSoundInternal             : Multi-sample sound (1 subsounds), create a sample container.
[LOG] SystemI::createSoundInternal             : creating subsound 0/1
[LOG] SystemI::createSample                    : mode 02000202 length 58837 samples, lengthbytes 2656
[LOG] SystemI::createSample                    : channels = 2
[LOG] SystemI::createSample                    : output = 0000000060336718
[LOG] OutputSoftware::createSample             : lengthpcm 58837, lengthbytes 2656, channels 2, format 2, freq 48000, mode 0200020a
[LOG] SystemI::createSoundInternal             : No name found in file, use filename.
[LOG] SystemI::createSoundInternal             : done.  OpenState now = FMOD_OPENSTATE_READY.

[LOG] SystemI::createSoundInternal             : filename =  : mode 02000202
[LOG] SystemI::createSoundInternal             : exinfo->cbsize             = 232
[LOG] SystemI::createSoundInternal             : exinfo->length             = 9376448
[LOG] SystemI::createSoundInternal             : exinfo->fileoffset         = 185888
[LOG] SystemI::createSoundInternal             : exinfo->numsubsounds       = 1
[LOG] SystemI::createSoundInternal             : exinfo->inclusionlist      = 00000000BF42F5FC
[LOG] SystemI::createSoundInternal             : exinfo->inclusionlistnum   = 1
[LOG] SystemI::createSoundInternal             : exinfo->suggestedsoundtype = 5
[LOG] SystemI::createSoundInternal             : exinfo->useropen           = 00007FFA926A5C70
[LOG] SystemI::createSoundInternal             : exinfo->userclose          = 00007FFA926A5C40
[LOG] SystemI::createSoundInternal             : exinfo->userread           = 00007FFA926A5D40
[LOG] SystemI::createSoundInternal             : exinfo->userseek           = 00007FFA926A5DF0
[LOG] SystemI::createSoundInternal             : exinfo->fileuserdata       = 00000000B3E7DAE8
[LOG] SystemI::createSoundInternal             : exinfo->initialseekpostype = 1
[LOG] SystemI::DSPCodecPoolRegister            : register codec pool for pool type 5
[LOG] SystemI::createSoundInternal             : Format has 1 subsounds.
[LOG] SystemI::createSoundInternal             : Create as FMOD_CREATESAMPLE
[LOG] SystemI::createSoundInternal             : Multi-sample sound (1 subsounds), create a sample container.
[LOG] SystemI::createSoundInternal             : creating subsound 0/1
[LOG] SystemI::createSample                    : mode 02000202 length 59458 samples, lengthbytes 14880
[LOG] SystemI::createSample                    : channels = 2
[LOG] SystemI::createSample                    : output = 0000000060336718
[LOG] OutputSoftware::createSample             : lengthpcm 59458, lengthbytes 14880, channels 2, format 2, freq 48000, mode 0200020a
[LOG] SystemI::createSoundInternal             : No name found in file, use filename.
[LOG] SystemI::createSoundInternal             : done.  OpenState now = FMOD_OPENSTATE_READY.

[LOG] SystemI::createSoundInternal             : filename =  : mode 02000202
[LOG] SystemI::createSoundInternal             : exinfo->cbsize             = 232
[LOG] SystemI::createSoundInternal             : exinfo->length             = 9376448
[LOG] SystemI::createSoundInternal             : exinfo->fileoffset         = 185888
[LOG] SystemI::createSoundInternal             : exinfo->numsubsounds       = 1
[LOG] SystemI::createSoundInternal             : exinfo->inclusionlist      = 00000000BF42F5FC
[LOG] SystemI::createSoundInternal             : exinfo->inclusionlistnum   = 1
[LOG] SystemI::createSoundInternal             : exinfo->suggestedsoundtype = 5
[LOG] SystemI::createSoundInternal             : exinfo->useropen           = 00007FFA926A5C70
[LOG] SystemI::createSoundInternal             : exinfo->userclose          = 00007FFA926A5C40
[LOG] SystemI::createSoundInternal             : exinfo->userread           = 00007FFA926A5D40
[LOG] SystemI::createSoundInternal             : exinfo->userseek           = 00007FFA926A5DF0
[LOG] SystemI::createSoundInternal             : exinfo->fileuserdata       = 00000000B3E7DAE8
[LOG] SystemI::createSoundInternal             : exinfo->initialseekpostype = 1
[LOG] SystemI::DSPCodecPoolRegister            : register codec pool for pool type 5
[LOG] SystemI::createSoundInternal             : Format has 1 subsounds.
[LOG] SystemI::createSoundInternal             : Create as FMOD_CREATESAMPLE
[LOG] SystemI::createSoundInternal             : Multi-sample sound (1 subsounds), create a sample container.
[LOG] SystemI::createSoundInternal             : creating subsound 0/1
[LOG] SystemI::createSample                    : mode 02000202 length 61308 samples, lengthbytes 7680
[LOG] SystemI::createSample                    : channels = 2
[LOG] SystemI::createSample                    : output = 0000000060336718
[LOG] OutputSoftware::createSample             : lengthpcm 61308, lengthbytes 7680, channels 2, format 2, freq 48000, mode 0200020a
[LOG] SystemI::createSoundInternal             : No name found in file, use filename.
[LOG] SystemI::createSoundInternal             : done.  OpenState now = FMOD_OPENSTATE_READY.

[LOG] SystemI::createSoundInternal             : filename =  : mode 02000202
[LOG] SystemI::createSoundInternal             : exinfo->cbsize             = 232
[LOG] SystemI::createSoundInternal             : exinfo->length             = 9376448
[LOG] SystemI::createSoundInternal             : exinfo->fileoffset         = 185888
[LOG] SystemI::createSoundInternal             : exinfo->numsubsounds       = 1
[LOG] SystemI::createSoundInternal             : exinfo->inclusionlist      = 00000000BF42F5FC
[LOG] SystemI::createSoundInternal             : exinfo->inclusionlistnum   = 1
[LOG] SystemI::createSoundInternal             : exinfo->suggestedsoundtype = 5
[LOG] SystemI::createSoundInternal             : exinfo->useropen           = 00007FFA926A5C70
[LOG] SystemI::createSoundInternal             : exinfo->userclose          = 00007FFA926A5C40
[LOG] SystemI::createSoundInternal             : exinfo->userread           = 00007FFA926A5D40
[LOG] SystemI::createSoundInternal             : exinfo->userseek           = 00007FFA926A5DF0
[LOG] SystemI::createSoundInternal             : exinfo->fileuserdata       = 00000000B3E7DAE8
[LOG] SystemI::createSoundInternal             : exinfo->initialseekpostype = 1
[LOG] SystemI::DSPCodecPoolRegister            : register codec pool for pool type 5
[LOG] SystemI::createSoundInternal             : Format has 1 subsounds.
[LOG] SystemI::createSoundInternal             : Create as FMOD_CREATESAMPLE
[LOG] SystemI::createSoundInternal             : Multi-sample sound (1 subsounds), create a sample container.
[LOG] SystemI::createSoundInternal             : creating subsound 0/1
[LOG] SystemI::createSample                    : mode 02000202 length 58837 samples, lengthbytes 13344
[LOG] SystemI::createSample                    : channels = 2
[LOG] SystemI::createSample                    : output = 0000000060336718
[LOG] OutputSoftware::createSample             : lengthpcm 58837, lengthbytes 13344, channels 2, format 2, freq 48000, mode 0200020a
[LOG] SystemI::createSoundInternal             : No name found in file, use filename.
[LOG] SystemI::createSoundInternal             : done.  OpenState now = FMOD_OPENSTATE_READY.

[LOG] SystemI::createSoundInternal             : filename =  : mode 02000202
[LOG] SystemI::createSoundInternal             : exinfo->cbsize             = 232
[LOG] SystemI::createSoundInternal             : exinfo->length             = 9376448
[LOG] SystemI::createSoundInternal             : exinfo->fileoffset         = 185888
[LOG] SystemI::createSoundInternal             : exinfo->numsubsounds       = 1
[LOG] SystemI::createSoundInternal             : exinfo->inclusionlist      = 00000000BF42F5FC
[LOG] SystemI::createSoundInternal             : exinfo->inclusionlistnum   = 1
[LOG] SystemI::createSoundInternal             : exinfo->suggestedsoundtype = 5
[LOG] SystemI::createSoundInternal             : exinfo->useropen           = 00007FFA926A5C70
[LOG] SystemI::createSoundInternal             : exinfo->userclose          = 00007FFA926A5C40
[LOG] SystemI::createSoundInternal             : exinfo->userread           = 00007FFA926A5D40
[LOG] SystemI::createSoundInternal             : exinfo->userseek           = 00007FFA926A5DF0
[LOG] SystemI::createSoundInternal             : exinfo->fileuserdata       = 00000000B3E7DAE8
[LOG] SystemI::createSoundInternal             : exinfo->initialseekpostype = 1
[LOG] SystemI::DSPCodecPoolRegister            : register codec pool for pool type 5
[LOG] SystemI::createSoundInternal             : Format has 1 subsounds.
[LOG] SystemI::createSoundInternal             : Create as FMOD_CREATESAMPLE
[LOG] SystemI::createSoundInternal             : Multi-sample sound (1 subsounds), create a sample container.
[LOG] SystemI::createSoundInternal             : creating subsound 0/1
[LOG] SystemI::createSample                    : mode 02000202 length 58837 samples, lengthbytes 15200
[LOG] SystemI::createSample                    : channels = 2
[LOG] SystemI::createSample                    : output = 0000000060336718
[LOG] OutputSoftware::createSample             : lengthpcm 58837, lengthbytes 15200, channels 2, format 2, freq 48000, mode 0200020a
[LOG] SystemI::createSoundInternal             : No name found in file, use filename.
[LOG] SystemI::createSoundInternal             : done.  OpenState now = FMOD_OPENSTATE_READY.

[LOG] SystemI::createSoundInternal             : filename =  : mode 02000202
[LOG] SystemI::createSoundInternal             : exinfo->cbsize             = 232
[LOG] SystemI::createSoundInternal             : exinfo->length             = 9376448
[LOG] SystemI::createSoundInternal             : exinfo->fileoffset         = 185888
[LOG] SystemI::createSoundInternal             : exinfo->numsubsounds       = 1
[LOG] SystemI::createSoundInternal             : exinfo->inclusionlist      = 00000000BF42F5FC
[LOG] SystemI::createSoundInternal             : exinfo->inclusionlistnum   = 1
[LOG] SystemI::createSoundInternal             : exinfo->suggestedsoundtype = 5
[LOG] SystemI::createSoundInternal             : exinfo->useropen           = 00007FFA926A5C70
[LOG] SystemI::createSoundInternal             : exinfo->userclose          = 00007FFA926A5C40
[LOG] SystemI::createSoundInternal             : exinfo->userread           = 00007FFA926A5D40
[LOG] SystemI::createSoundInternal             : exinfo->userseek           = 00007FFA926A5DF0
[LOG] SystemI::createSoundInternal             : exinfo->fileuserdata       = 00000000B3E7DAE8
[LOG] SystemI::createSoundInternal             : exinfo->initialseekpostype = 1
[LOG] SystemI::DSPCodecPoolRegister            : register codec pool for pool type 5
[LOG] SystemI::createSoundInternal             : Format has 1 subsounds.
[LOG] SystemI::createSoundInternal             : Create as FMOD_CREATESAMPLE
[LOG] SystemI::createSoundInternal             : Multi-sample sound (1 subsounds), create a sample container.
[LOG] SystemI::createSoundInternal             : creating subsound 0/1
[LOG] SystemI::createSample                    : mode 02000202 length 58837 samples, lengthbytes 12832
[LOG] SystemI::createSample                    : channels = 2
[LOG] SystemI::createSample                    : output = 0000000060336718
[LOG] OutputSoftware::createSample             : lengthpcm 58837, lengthbytes 12832, channels 2, format 2, freq 48000, mode 0200020a
[LOG] SystemI::createSoundInternal             : No name found in file, use filename.
[LOG] SystemI::createSoundInternal             : done.  OpenState now = FMOD_OPENSTATE_READY.

[LOG] SystemI::createSoundInternal             : filename =  : mode 02000202
[LOG] SystemI::createSoundInternal             : exinfo->cbsize             = 232
[LOG] SystemI::createSoundInternal             : exinfo->length             = 9376448
[LOG] SystemI::createSoundInternal             : exinfo->fileoffset         = 185888
[LOG] SystemI::createSoundInternal             : exinfo->numsubsounds       = 1
[LOG] SystemI::createSoundInternal             : exinfo->inclusionlist      = 00000000BF42F5FC
[LOG] SystemI::createSoundInternal             : exinfo->inclusionlistnum   = 1
[LOG] SystemI::createSoundInternal             : exinfo->suggestedsoundtype = 5
[LOG] SystemI::createSoundInternal             : exinfo->useropen           = 00007FFA926A5C70
[LOG] SystemI::createSoundInternal             : exinfo->userclose          = 00007FFA926A5C40
[LOG] SystemI::createSoundInternal             : exinfo->userread           = 00007FFA926A5D40
[LOG] SystemI::createSoundInternal             : exinfo->userseek           = 00007FFA926A5DF0
[LOG] SystemI::createSoundInternal             : exinfo->fileuserdata       = 00000000B3E7DAE8
[LOG] SystemI::createSoundInternal             : exinfo->initialseekpostype = 1
[LOG] SystemI::DSPCodecPoolRegister            : register codec pool for pool type 5
[LOG] SystemI::createSoundInternal             : Format has 1 subsounds.
[LOG] SystemI::createSoundInternal             : Create as FMOD_CREATESAMPLE
[LOG] SystemI::createSoundInternal             : Multi-sample sound (1 subsounds), create a sample container.
[LOG] SystemI::createSoundInternal             : creating subsound 0/1
[LOG] SystemI::createSample                    : mode 02000202 length 58837 samples, lengthbytes 13312
[LOG] SystemI::createSample                    : channels = 2
[LOG] SystemI::createSample                    : output = 0000000060336718
[LOG] OutputSoftware::createSample             : lengthpcm 58837, lengthbytes 13312, channels 2, format 2, freq 48000, mode 0200020a
[LOG] SystemI::createSoundInternal             : No name found in file, use filename.
[LOG] SystemI::createSoundInternal             : done.  OpenState now = FMOD_OPENSTATE_READY.

[LOG] SystemI::createSoundInternal             : filename =  : mode 02000202
[LOG] SystemI::createSoundInternal             : exinfo->cbsize             = 232
[LOG] SystemI::createSoundInternal             : exinfo->length             = 9376448
[LOG] SystemI::createSoundInternal             : exinfo->fileoffset         = 185888
[LOG] SystemI::createSoundInternal             : exinfo->numsubsounds       = 1
[LOG] SystemI::createSoundInternal             : exinfo->inclusionlist      = 00000000BF42F5FC
[LOG] SystemI::createSoundInternal             : exinfo->inclusionlistnum   = 1
[LOG] SystemI::createSoundInternal             : exinfo->suggestedsoundtype = 5
[LOG] SystemI::createSoundInternal             : exinfo->useropen           = 00007FFA926A5C70
[LOG] SystemI::createSoundInternal             : exinfo->userclose          = 00007FFA926A5C40
[LOG] SystemI::createSoundInternal             : exinfo->userread           = 00007FFA926A5D40
[LOG] SystemI::createSoundInternal             : exinfo->userseek           = 00007FFA926A5DF0
[LOG] SystemI::createSoundInternal             : exinfo->fileuserdata       = 00000000B3E7DAE8
[LOG] SystemI::createSoundInternal             : exinfo->initialseekpostype = 1
[LOG] SystemI::DSPCodecPoolRegister            : register codec pool for pool type 5
[LOG] SystemI::createSoundInternal             : Format has 1 subsounds.
[LOG] SystemI::createSoundInternal             : Create as FMOD_CREATESAMPLE
[LOG] SystemI::createSoundInternal             : Multi-sample sound (1 subsounds), create a sample container.
[LOG] SystemI::createSoundInternal             : creating subsound 0/1
[LOG] SystemI::createSample                    : mode 02000202 length 315518 samples, lengthbytes 64256
[LOG] SystemI::createSample                    : channels = 2
[LOG] SystemI::createSample                    : output = 0000000060336718
[LOG] OutputSoftware::createSample             : lengthpcm 315518, lengthbytes 64256, channels 2, format 2, freq 48000, mode 0200020a
[LOG] SystemI::createSoundInternal             : No name found in file, use filename.
[LOG] SystemI::createSoundInternal             : done.  OpenState now = FMOD_OPENSTATE_READY.

[LOG] SystemI::createSoundInternal             : filename =  : mode 02000202
[LOG] SystemI::createSoundInternal             : exinfo->cbsize             = 232
[LOG] SystemI::createSoundInternal             : exinfo->length             = 9376448
[LOG] SystemI::createSoundInternal             : exinfo->fileoffset         = 185888
[LOG] SystemI::createSoundInternal             : exinfo->numsubsounds       = 1
[LOG] SystemI::createSoundInternal             : exinfo->inclusionlist      = 00000000BF42F5FC
[LOG] SystemI::createSoundInternal             : exinfo->inclusionlistnum   = 1
[LOG] SystemI::createSoundInternal             : exinfo->suggestedsoundtype = 5
[LOG] SystemI::createSoundInternal             : exinfo->useropen           = 00007FFA926A5C70
[LOG] SystemI::createSoundInternal             : exinfo->userclose          = 00007FFA926A5C40
[LOG] SystemI::createSoundInternal             : exinfo->userread           = 00007FFA926A5D40
[LOG] SystemI::createSoundInternal             : exinfo->userseek           = 00007FFA926A5DF0
[LOG] SystemI::createSoundInternal             : exinfo->fileuserdata       = 00000000B3E7DAE8
[LOG] SystemI::createSoundInternal             : exinfo->initialseekpostype = 1
[LOG] SystemI::DSPCodecPoolRegister            : register codec pool for pool type 5
[LOG] SystemI::createSoundInternal             : Format has 1 subsounds.
[LOG] SystemI::createSoundInternal             : Create as FMOD_CREATESAMPLE
[LOG] SystemI::createSoundInternal             : Multi-sample sound (1 subsounds), create a sample container.
[LOG] SystemI::createSoundInternal             : creating subsound 0/1
[LOG] SystemI::createSample                    : mode 02000202 length 59458 samples, lengthbytes 13600
[LOG] SystemI::createSample                    : channels = 2
[LOG] SystemI::createSample                    : output = 0000000060336718
[LOG] OutputSoftware::createSample             : lengthpcm 59458, lengthbytes 13600, channels 2, format 2, freq 48000, mode 0200020a
[LOG] SystemI::createSoundInternal             : No name found in file, use filename.
[LOG] SystemI::createSoundInternal             : done.  OpenState now = FMOD_OPENSTATE_READY.

[WRN] EventInstance::update                    : Event {2b13e70e-b93c-4bdc-ab0a-074294df4b0c} waited 65 milliseconds for sample data to load.  Preload sample data to avoid this delay.
[LOG] SystemI::createSound                     : filename = Assets\Audio\Drone.Esc\Build\Desktop/Master Bank.bank : mode 02010082
[LOG] SystemI::createSound                     : FMOD_NONBLOCKING specified.  Putting into queue to be opened asynchronously!
[LOG] Thread::initThread                       : Init FMOD nonblocking thread (0). Priority: 1, Stack Size: 81920, Semaphore: Yes, Sleep Time: 0, Looping: Yes.
[LOG] SystemI::createSound                     : setdata soundi = 000000004DD3F7E8 : node = 00000000AE858630
[LOG] SystemI::createSound                     : add node to async list : head = 00000000AE0F27D8.  list count = 0
[LOG] AsyncThread::threadFunc                  : Starting Asynchronous operation on sound 000000004DD3F7E8
[WRN] EventInstance::update                    : Event {2b13e70e-b93c-4bdc-ab0a-074294df4b0c} waited 65 milliseconds for sample data to load.  Preload sample data to avoid this delay.
[LOG] SystemI::createSoundInternal             :     filename = Assets\Audio\Drone.Esc\Build\Desktop/Master Bank.bank : mode 02010082
[LOG] SystemI::createSoundInternal             :     exinfo->cbsize             = 232
[LOG] SystemI::createSoundInternal             :     exinfo->length             = 9376448
[LOG] SystemI::createSoundInternal             :     exinfo->fileoffset         = 185888
[LOG] SystemI::createSoundInternal             :     exinfo->numsubsounds       = 1
[LOG] SystemI::createSound                     :     filename = Assets\Audio\Drone.Esc\Build\Desktop/Master Bank.bank : mode 02010082
[LOG] SystemI::createSound                     :     FMOD_NONBLOCKING specified.  Putting into queue to be opened asynchronously!
[LOG] SystemI::createSoundInternal             :     exinfo->inclusionlist      = 00000000AE858748
[LOG] SystemI::createSound                     :     setdata soundi = 000000004DD3E048 : node = 00000000AE858E10
[LOG] SystemI::createSoundInternal             :     exinfo->inclusionlistnum   = 1
[LOG] SystemI::createSound                     :     add node to async list : head = 00000000AE0F27D8.  list count = 0
[LOG] SystemI::createSoundInternal             :     exinfo->suggestedsoundtype = 5
[LOG] SystemI::createSoundInternal             :     exinfo->initialseekpostype = 1
[WRN] EventInstance::update                    :     Event {2b13e70e-b93c-4bdc-ab0a-074294df4b0c} waited 64 milliseconds for sample data to load.  Preload sample data to avoid this delay.
[LOG] SystemI::createSound                     :     filename = Assets\Audio\Drone.Esc\Build\Desktop/Master Bank.bank : mode 02010082
[LOG] SystemI::createSound                     :     FMOD_NONBLOCKING specified.  Putting into queue to be opened asynchronously!
[LOG] SystemI::createSound                     :     setdata soundi = 000000004DD3EA68 : node = 00000000AE857FA0
[LOG] SystemI::createSound                     :     add node to async list : head = 00000000AE0F27D8.  list count = 1
[WRN] EventInstance::update                    :     Event {2b13e70e-b93c-4bdc-ab0a-074294df4b0c} waited 64 milliseconds for sample data to load.  Preload sample data to avoid this delay.
[LOG] SystemI::createSound                     :     filename = Assets\Audio\Drone.Esc\Build\Desktop/Master Bank.bank : mode 02010082
[LOG] SystemI::createSound                     :     FMOD_NONBLOCKING specified.  Putting into queue to be opened asynchronously!
[LOG] SystemI::createSound                     :     setdata soundi = 000000004DD3EC18 : node = 00000000AE857910
[LOG] SystemI::createSound                     :     add node to async list : head = 00000000AE0F27D8.  list count = 2
[WRN] EventInstance::update                    :     Event {2b13e70e-b93c-4bdc-ab0a-074294df4b0c} waited 63 milliseconds for sample data to load.  Preload sample data to avoid this delay.
[LOG] SystemI::createSound                     :     filename = Assets\Audio\Drone.Esc\Build\Desktop/Master Bank.bank : mode 02010082
[LOG] SystemI::createSound                     :     FMOD_NONBLOCKING specified.  Putting into queue to be opened asynchronously!
[LOG] SystemI::createSoundInternal             :     Format has 1 subsounds.
[LOG] SystemI::createSound                     :     setdata soundi = 000000004DD3E708 : node = 00000000AE858780
[LOG] SystemI::createSoundInternal             :     Create as FMOD_CREATESTREAM
[LOG] SystemI::createSound                     :     add node to async list : head = 00000000AE0F27D8.  list count = 3
[LOG] System::createSoundInternal              :     decode buffersize = 19200 : blocksize = 256 : format = 2
[LOG] SystemI::createSample                    :     mode 02010082 length 19200 samples, lengthbytes 46912
[LOG] SystemI::createSample                    :     channels = 2
[WRN] EventInstance::update                    :     Event {2b13e70e-b93c-4bdc-ab0a-074294df4b0c} waited 63 milliseconds for sample data to load.  Preload sample data to avoid this delay.
[LOG] SystemI::createSample                    :     output = 0000000060336718
[LOG] OutputSoftware::createSample             :     lengthpcm 19200, lengthbytes 46912, channels 2, format 2, freq 48000, mode 0201008a
[LOG] SystemI::createSound                     :     filename = Assets\Audio\Drone.Esc\Build\Desktop/Master Bank.bank : mode 02010082
[LOG] SystemI::createSound                     :     FMOD_NONBLOCKING specified.  Putting into queue to be opened asynchronously!
[LOG] System::createSoundInternal              :     1 subsounds detected.
[LOG] SystemI::createSound                     :     setdata soundi = 000000004DD3EDC8 : node = 00000000AE857A60
[LOG] System::createSoundInternal              :     Seek stream to start
[LOG] SystemI::createSound                     :     add node to async list : head = 00000000AE0F27D8.  list count = 4
[WRN] EventInstance::update                    :     Event {2b13e70e-b93c-4bdc-ab0a-074294df4b0c} waited 62 milliseconds for sample data to load.  Preload sample data to avoid this delay.
[LOG] SystemI::createSound                     :     filename = Assets\Audio\Drone.Esc\Build\Desktop/Master Bank.bank : mode 02010082
[LOG] SystemI::createSound                     :     FMOD_NONBLOCKING specified.  Putting into queue to be opened asynchronously!
[LOG] SystemI::createSound                     :     setdata soundi = 000000004DD3DE98 : node = 00000000AE857BB0
[LOG] SystemI::createSound                     :     add node to async list : head = 00000000AE0F27D8.  list count = 5
[WRN] EventInstance::update                    :     Event {2b13e70e-b93c-4bdc-ab0a-074294df4b0c} waited 61 milliseconds for sample data to load.  Preload sample data to avoid this delay.
[LOG] SystemI::createSound                     :     filename = Assets\Audio\Drone.Esc\Build\Desktop/Master Bank.bank : mode 02010082
[LOG] SystemI::createSound                     :     FMOD_NONBLOCKING specified.  Putting into queue to be opened asynchronously!
[LOG] SystemI::createSound                     :     setdata soundi = 000000004DD3E1F8 : node = 00000000AE857130
[LOG] SystemI::createSound                     :     add node to async list : head = 00000000AE0F27D8.  list count = 6
[WRN] EventInstance::update                    :     Event {2b13e70e-b93c-4bdc-ab0a-074294df4b0c} waited 60 milliseconds for sample data to load.  Preload sample data to avoid this delay.
[LOG] SystemI::createSound                     :     filename = Assets\Audio\Drone.Esc\Build\Desktop/Master Bank.bank : mode 02010082
[LOG] SystemI::createSound                     :     FMOD_NONBLOCKING specified.  Putting into queue to be opened asynchronously!
[LOG] SystemI::createSound                     :     setdata soundi = 000000004DD3EF78 : node = 00000000AE857520
[LOG] SystemI::createSound                     :     add node to async list : head = 00000000AE0F27D8.  list count = 7
[WRN] EventInstance::update                    :     Event {2b13e70e-b93c-4bdc-ab0a-074294df4b0c} waited 60 milliseconds for sample data to load.  Preload sample data to avoid this delay.
[LOG] SystemI::createSound                     :     filename = Assets\Audio\Drone.Esc\Build\Desktop/Master Bank.bank : mode 02010082
[LOG] SystemI::createSound                     :     FMOD_NONBLOCKING specified.  Putting into queue to be opened asynchronously!
[LOG] System::createSoundInternal              :     flush stream buffer
[LOG] SystemI::createSound                     :     setdata soundi = 000000004DD3F488 : node = 00000000AE856FE0
[LOG] SystemI::createSound                     :     add node to async list : head = 00000000AE0F27D8.  list count = 8
[WRN] EventInstance::update                    :     Event {2b13e70e-b93c-4bdc-ab0a-074294df4b0c} waited 60 milliseconds for sample data to load.  Preload sample data to avoid this delay.
[LOG] SystemI::createSound                     :     filename = Assets\Audio\Drone.Esc\Build\Desktop/Master Bank.bank : mode 02010082
[LOG] SystemI::createSound                     :     FMOD_NONBLOCKING specified.  Putting into queue to be opened asynchronously!
[LOG] SystemI::createSound                     :     setdata soundi = 000000004DD3E8B8 : node = 00000000AE8588D0
[LOG] SystemI::createSound                     :     add node to async list : head = 00000000AE0F27D8.  list count = 9
[WRN] EventInstance::update                    :     Event {2b13e70e-b93c-4bdc-ab0a-074294df4b0c} waited 59 milliseconds for sample data to load.  Preload sample data to avoid this delay.
[LOG] SystemI::createSound                     :     filename = Assets\Audio\Drone.Esc\Build\Desktop/Master Bank.bank : mode 02010082
[LOG] SystemI::createSound                     :     FMOD_NONBLOCKING specified.  Putting into queue to be opened asynchronously!
[LOG] SystemI::createSound                     :     setdata soundi = 000000004DD3F638 : node = 00000000AE857280
[LOG] SystemI::createSound                     :     add node to async list : head = 00000000AE0F27D8.  list count = 10
[WRN] EventInstance::update                    :     Event {2b13e70e-b93c-4bdc-ab0a-074294df4b0c} waited 59 milliseconds for sample data to load.  Preload sample data to avoid this delay.
[LOG] SystemI::createSound                     :     filename = Assets\Audio\Drone.Esc\Build\Desktop/Master Bank.bank : mode 02010082
[LOG] SystemI::createSound                     :     FMOD_NONBLOCKING specified.  Putting into queue to be opened asynchronously!
[LOG] SystemI::createSound                     :     setdata soundi = 000000004DD3E3A8 : node = 00000000AE857670
[LOG] SystemI::createSound                     :     add node to async list : head = 00000000AE0F27D8.  list count = 11
[WRN] EventInstance::update                    :     Event {2b13e70e-b93c-4bdc-ab0a-074294df4b0c} waited 58 milliseconds for sample data to load.  Preload sample data to avoid this delay.
[LOG] SystemI::createSound                     :     filename = Assets\Audio\Drone.Esc\Build\Desktop/Master Bank.bank : mode 02010082
[LOG] SystemI::createSound                     :     FMOD_NONBLOCKING specified.  Putting into queue to be opened asynchronously!
[LOG] SystemI::createSound                     :     setdata soundi = 000000004CFA63D8 : node = 00000000AE8577C0
[LOG] SystemI::createSound                     :     add node to async list : head = 00000000AE0F27D8.  list count = 12
[WRN] EventInstance::update                    :     Event {2b13e70e-b93c-4bdc-ab0a-074294df4b0c} waited 57 milliseconds for sample data to load.  Preload sample data to avoid this delay.
[LOG] SystemI::createSound                     :     filename = Assets\Audio\Drone.Esc\Build\Desktop/Master Bank.bank : mode 02010082
[LOG] SystemI::createSound                     :     FMOD_NONBLOCKING specified.  Putting into queue to be opened asynchronously!
[LOG] SystemI::createSound                     :     setdata soundi = 000000004CFA6738 : node = 00000000AE857D00
[LOG] SystemI::createSound                     :     add node to async list : head = 00000000AE0F27D8.  list count = 13
[WRN] EventInstance::update                    :     Event {2b13e70e-b93c-4bdc-ab0a-074294df4b0c} waited 57 milliseconds for sample data to load.  Preload sample data to avoid this delay.
[LOG] SystemI::createSound                     :     filename = Assets\Audio\Drone.Esc\Build\Desktop/Master Bank.bank : mode 02010082
[LOG] SystemI::createSound                     :     FMOD_NONBLOCKING specified.  Putting into queue to be opened asynchronously!
[LOG] SystemI::createSound                     :     setdata soundi = 00000000B3B0A848 : node = 00000000AE857E50
[LOG] SystemI::createSound                     :     add node to async list : head = 00000000AE0F27D8.  list count = 14
[LOG] System::createSoundInternal              :     flush successful.
[LOG] System::createSoundInternal              :     switch file handle from small blocking single buffered to large nonblocking doublebuffered.
[LOG] Thread::initThread                       :         Init FMOD file thread. Priority: 1, Stack Size: 16384, Semaphore: No, Sleep Time: 10, Looping: Yes.
[LOG] SystemI::createSoundInternal             :     done.  OpenState now = FMOD_OPENSTATE_READY.

[LOG] AsyncThread::threadFunc                  : Finished Asynchronous operation on sound 000000004DD3F7E8
[LOG] AsyncThread::threadFunc                  : Starting Asynchronous operation on sound 000000004DD3E048
[LOG] SystemI::createSoundInternal             :     filename = Assets\Audio\Drone.Esc\Build\Desktop/Master Bank.bank : mode 02010082
[LOG] SystemI::createSoundInternal             :     exinfo->cbsize             = 232
[LOG] SystemI::createSoundInternal             :     exinfo->length             = 9376448
[LOG] SystemI::createSoundInternal             :     exinfo->fileoffset         = 185888
[LOG] SystemI::createSoundInternal             :     exinfo->numsubsounds       = 1
[LOG] SystemI::createSoundInternal             :     exinfo->inclusionlist      = 00000000AE858F28
[LOG] SystemI::createSoundInternal             :     exinfo->inclusionlistnum   = 1
[LOG] SystemI::createSoundInternal             :     exinfo->suggestedsoundtype = 5
[LOG] SystemI::createSoundInternal             :     exinfo->initialseekpostype = 1
[LOG] SystemI::createSoundInternal             :     Format has 1 subsounds.
[LOG] SystemI::createSoundInternal             :     Create as FMOD_CREATESTREAM
[LOG] System::createSoundInternal              :     decode buffersize = 19200 : blocksize = 256 : format = 2
[LOG] SystemI::createSample                    :     mode 02010082 length 19200 samples, lengthbytes 46912
[LOG] SystemI::createSample                    :     channels = 2
[LOG] SystemI::createSample                    :     output = 0000000060336718
[LOG] OutputSoftware::createSample             :     lengthpcm 19200, lengthbytes 46912, channels 2, format 2, freq 48000, mode 0201008a
[LOG] System::createSoundInternal              :     1 subsounds detected.
[LOG] System::createSoundInternal              :     Seek stream to start
[LOG] System::createSoundInternal              :     flush stream buffer
[LOG] System::createSoundInternal              :     flush successful.
[LOG] System::createSoundInternal              :     switch file handle from small blocking single buffered to large nonblocking doublebuffered.
[LOG] SystemI::createSoundInternal             :     done.  OpenState now = FMOD_OPENSTATE_READY.

[LOG] AsyncThread::threadFunc                  : Finished Asynchronous operation on sound 000000004DD3E048
[LOG] AsyncThread::threadFunc                  : Starting Asynchronous operation on sound 000000004DD3EA68
[LOG] SystemI::createSoundInternal             :     filename = Assets\Audio\Drone.Esc\Build\Desktop/Master Bank.bank : mode 02010082
[LOG] SystemI::createSoundInternal             :     exinfo->cbsize             = 232
[LOG] SystemI::createSoundInternal             :     exinfo->length             = 9376448
[LOG] SystemI::createSoundInternal             :     exinfo->fileoffset         = 185888
[LOG] SystemI::createSoundInternal             :     exinfo->numsubsounds       = 1
[LOG] SystemI::createSoundInternal             :     exinfo->inclusionlist      = 00000000AE8580B8
[LOG] SystemI::createSoundInternal             :     exinfo->inclusionlistnum   = 1
[LOG] SystemI::createSoundInternal             :     exinfo->suggestedsoundtype = 5
[LOG] SystemI::createSoundInternal             :     exinfo->initialseekpostype = 1
[LOG] SystemI::createSoundInternal             :     Format has 1 subsounds.
[LOG] SystemI::createSoundInternal             :     Create as FMOD_CREATESTREAM
[LOG] System::createSoundInternal              :     decode buffersize = 19200 : blocksize = 256 : format = 2
[LOG] SystemI::createSample                    :     mode 02010082 length 19200 samples, lengthbytes 46912
[LOG] SystemI::createSample                    :     channels = 2
[LOG] SystemI::createSample                    :     output = 0000000060336718
[LOG] OutputSoftware::createSample             :     lengthpcm 19200, lengthbytes 46912, channels 2, format 2, freq 48000, mode 0201008a
[LOG] System::createSoundInternal              :     1 subsounds detected.
[LOG] System::createSoundInternal              :     Seek stream to start
[LOG] System::createSoundInternal              :     flush stream buffer
[LOG] System::createSoundInternal              :     flush successful.
[LOG] System::createSoundInternal              :     switch file handle from small blocking single buffered to large nonblocking doublebuffered.
[LOG] SystemI::createSoundInternal             :     done.  OpenState now = FMOD_OPENSTATE_READY.

[LOG] AsyncThread::threadFunc                  : Finished Asynchronous operation on sound 000000004DD3EA68
[LOG] AsyncThread::threadFunc                  : Starting Asynchronous operation on sound 000000004DD3EC18
[LOG] SystemI::createSoundInternal             :     filename = Assets\Audio\Drone.Esc\Build\Desktop/Master Bank.bank : mode 02010082
[LOG] SystemI::createSoundInternal             :     exinfo->cbsize             = 232
[LOG] SystemI::createSoundInternal             :     exinfo->length             = 9376448
[LOG] SystemI::createSoundInternal             :     exinfo->fileoffset         = 185888
[LOG] SystemI::createSoundInternal             :     exinfo->numsubsounds       = 1
[LOG] SystemI::createSoundInternal             :     exinfo->inclusionlist      = 00000000AE857A28
[LOG] SystemI::createSoundInternal             :     exinfo->inclusionlistnum   = 1
[LOG] SystemI::createSoundInternal             :     exinfo->suggestedsoundtype = 5
[LOG] SystemI::createSoundInternal             :     exinfo->initialseekpostype = 1
[LOG] SystemI::createSoundInternal             :     Format has 1 subsounds.
[LOG] SystemI::createSoundInternal             :     Create as FMOD_CREATESTREAM
[LOG] System::createSoundInternal              :     decode buffersize = 19200 : blocksize = 256 : format = 2
[LOG] SystemI::createSample                    :     mode 02010082 length 19200 samples, lengthbytes 46912
[LOG] SystemI::createSample                    :     channels = 2
[LOG] SystemI::createSample                    :     output = 0000000060336718
[LOG] OutputSoftware::createSample             :     lengthpcm 19200, lengthbytes 46912, channels 2, format 2, freq 48000, mode 0201008a
[LOG] System::createSoundInternal              :     1 subsounds detected.
[LOG] System::createSoundInternal              :     Seek stream to start
[LOG] System::createSoundInternal              :     flush stream buffer
[LOG] System::createSoundInternal              :     flush successful.
[LOG] System::createSoundInternal              :     switch file handle from small blocking single buffered to large nonblocking doublebuffered.
[LOG] SystemI::createSoundInternal             :     done.  OpenState now = FMOD_OPENSTATE_READY.

[LOG] AsyncThread::threadFunc                  : Finished Asynchronous operation on sound 000000004DD3EC18
[LOG] AsyncThread::threadFunc                  : Starting Asynchronous operation on sound 000000004DD3E708
[LOG] SystemI::createSoundInternal             :     filename = Assets\Audio\Drone.Esc\Build\Desktop/Master Bank.bank : mode 02010082
[LOG] SystemI::createSoundInternal             :     exinfo->cbsize             = 232
[LOG] SystemI::createSoundInternal             :     exinfo->length             = 9376448
[LOG] SystemI::createSoundInternal             :     exinfo->fileoffset         = 185888
[LOG] SystemI::createSoundInternal             :     exinfo->numsubsounds       = 1
[LOG] SystemI::createSoundInternal             :     exinfo->inclusionlist      = 00000000AE858898
[LOG] SystemI::createSoundInternal             :     exinfo->inclusionlistnum   = 1
[LOG] SystemI::createSoundInternal             :     exinfo->suggestedsoundtype = 5
[LOG] SystemI::createSoundInternal             :     exinfo->initialseekpostype = 1
[LOG] SystemI::createSoundInternal             :     Format has 1 subsounds.
[LOG] SystemI::createSoundInternal             :     Create as FMOD_CREATESTREAM
[LOG] System::createSoundInternal              :     decode buffersize = 19200 : blocksize = 256 : format = 2
[LOG] SystemI::createSample                    :     mode 02010082 length 19200 samples, lengthbytes 46912
[LOG] SystemI::createSample                    :     channels = 2
[LOG] SystemI::createSample                    :     output = 0000000060336718
[LOG] OutputSoftware::createSample             :     lengthpcm 19200, lengthbytes 46912, channels 2, format 2, freq 48000, mode 0201008a
[LOG] System::createSoundInternal              :     1 subsounds detected.
[LOG] System::createSoundInternal              :     Seek stream to start
[LOG] System::createSoundInternal              :     flush stream buffer
[LOG] System::createSoundInternal              :     flush successful.
[LOG] System::createSoundInternal              :     switch file handle from small blocking single buffered to large nonblocking doublebuffered.
[LOG] SystemI::createSoundInternal             :     done.  OpenState now = FMOD_OPENSTATE_READY.

[LOG] AsyncThread::threadFunc                  : Finished Asynchronous operation on sound 000000004DD3E708
[LOG] AsyncThread::threadFunc                  : Starting Asynchronous operation on sound 000000004DD3EDC8
[LOG] SystemI::createSoundInternal             :     filename = Assets\Audio\Drone.Esc\Build\Desktop/Master Bank.bank : mode 02010082
[LOG] SystemI::createSoundInternal             :     exinfo->cbsize             = 232
[LOG] SystemI::createSoundInternal             :     exinfo->length             = 9376448
[LOG] SystemI::createSoundInternal             :     exinfo->fileoffset         = 185888
[LOG] SystemI::createSoundInternal             :     exinfo->numsubsounds       = 1
[LOG] SystemI::createSoundInternal             :     exinfo->inclusionlist      = 00000000AE857B78
[LOG] SystemI::createSoundInternal             :     exinfo->inclusionlistnum   = 1
[LOG] SystemI::createSoundInternal             :     exinfo->suggestedsoundtype = 5
[LOG] SystemI::createSoundInternal             :     exinfo->initialseekpostype = 1
[LOG] SystemI::createSoundInternal             :     Format has 1 subsounds.
[LOG] SystemI::createSoundInternal             :     Create as FMOD_CREATESTREAM
[LOG] System::createSoundInternal              :     decode buffersize = 19200 : blocksize = 256 : format = 2
[LOG] SystemI::createSample                    :     mode 02010082 length 19200 samples, lengthbytes 46912
[LOG] SystemI::createSample                    :     channels = 2
[LOG] SystemI::createSample                    :     output = 0000000060336718
[LOG] OutputSoftware::createSample             :     lengthpcm 19200, lengthbytes 46912, channels 2, format 2, freq 48000, mode 0201008a
[LOG] System::createSoundInternal              :     1 subsounds detected.
[LOG] System::createSoundInternal              :     Seek stream to start
[LOG] System::createSoundInternal              :     flush stream buffer
[LOG] System::createSoundInternal              :     flush successful.
[LOG] System::createSoundInternal              :     switch file handle from small blocking single buffered to large nonblocking doublebuffered.
[LOG] SystemI::createSoundInternal             :     done.  OpenState now = FMOD_OPENSTATE_READY.

[LOG] AsyncThread::threadFunc                  : Finished Asynchronous operation on sound 000000004DD3EDC8
[LOG] AsyncThread::threadFunc                  : Starting Asynchronous operation on sound 000000004DD3DE98
[LOG] SystemI::createSoundInternal             :     filename = Assets\Audio\Drone.Esc\Build\Desktop/Master Bank.bank : mode 02010082
[LOG] SystemI::createSoundInternal             :     exinfo->cbsize             = 232
[LOG] SystemI::createSoundInternal             :     exinfo->length             = 9376448
[LOG] SystemI::createSoundInternal             :     exinfo->fileoffset         = 185888
[LOG] SystemI::createSoundInternal             :     exinfo->numsubsounds       = 1
[LOG] SystemI::createSoundInternal             :     exinfo->inclusionlist      = 00000000AE857CC8
[LOG] SystemI::createSoundInternal             :     exinfo->inclusionlistnum   = 1
[LOG] SystemI::createSoundInternal             :     exinfo->suggestedsoundtype = 5
[LOG] SystemI::createSoundInternal             :     exinfo->initialseekpostype = 1
[LOG] SystemI::createSoundInternal             :     Format has 1 subsounds.
[LOG] SystemI::createSoundInternal             :     Create as FMOD_CREATESTREAM
[LOG] System::createSoundInternal              :     decode buffersize = 19200 : blocksize = 256 : format = 2
[LOG] SystemI::createSample                    :     mode 02010082 length 19200 samples, lengthbytes 46912
[LOG] SystemI::createSample                    :     channels = 2
[LOG] SystemI::createSample                    :     output = 0000000060336718
[LOG] OutputSoftware::createSample             :     lengthpcm 19200, lengthbytes 46912, channels 2, format 2, freq 48000, mode 0201008a
[LOG] System::createSoundInternal              :     1 subsounds detected.
[LOG] System::createSoundInternal              :     Seek stream to start
[LOG] System::createSoundInternal              :     flush stream buffer
[LOG] System::createSoundInternal              :     flush successful.
[LOG] System::createSoundInternal              :     switch file handle from small blocking single buffered to large nonblocking doublebuffered.
[LOG] SystemI::createSoundInternal             :     done.  OpenState now = FMOD_OPENSTATE_READY.

[LOG] AsyncThread::threadFunc                  : Finished Asynchronous operation on sound 000000004DD3DE98
[LOG] AsyncThread::threadFunc                  : Starting Asynchronous operation on sound 000000004DD3E1F8
[LOG] SystemI::createSoundInternal             :     filename = Assets\Audio\Drone.Esc\Build\Desktop/Master Bank.bank : mode 02010082
[LOG] SystemI::createSoundInternal             :     exinfo->cbsize             = 232
[LOG] SystemI::createSoundInternal             :     exinfo->length             = 9376448
[LOG] SystemI::createSoundInternal             :     exinfo->fileoffset         = 185888
[LOG] SystemI::createSoundInternal             :     exinfo->numsubsounds       = 1
[LOG] SystemI::createSoundInternal             :     exinfo->inclusionlist      = 00000000AE857248
[LOG] SystemI::createSoundInternal             :     exinfo->inclusionlistnum   = 1
[LOG] SystemI::createSoundInternal             :     exinfo->suggestedsoundtype = 5
[LOG] SystemI::createSoundInternal             :     exinfo->initialseekpostype = 1
[LOG] SystemI::createSoundInternal             :     Format has 1 subsounds.
[LOG] SystemI::createSoundInternal             :     Create as FMOD_CREATESTREAM
[LOG] System::createSoundInternal              :     decode buffersize = 19200 : blocksize = 256 : format = 2
[LOG] SystemI::createSample                    :     mode 02010082 length 19200 samples, lengthbytes 46912
[LOG] SystemI::createSample                    :     channels = 2
[LOG] SystemI::createSample                    :     output = 0000000060336718
[LOG] OutputSoftware::createSample             :     lengthpcm 19200, lengthbytes 46912, channels 2, format 2, freq 48000, mode 0201008a
[LOG] System::createSoundInternal              :     1 subsounds detected.
[LOG] System::createSoundInternal              :     Seek stream to start
[LOG] System::createSoundInternal              :     flush stream buffer
[LOG] System::createSoundInternal              :     flush successful.
[LOG] System::createSoundInternal              :     switch file handle from small blocking single buffered to large nonblocking doublebuffered.
[LOG] SystemI::createSoundInternal             :     done.  OpenState now = FMOD_OPENSTATE_READY.

[LOG] AsyncThread::threadFunc                  : Finished Asynchronous operation on sound 000000004DD3E1F8
[LOG] AsyncThread::threadFunc                  : Starting Asynchronous operation on sound 000000004DD3EF78
[LOG] SystemI::createSoundInternal             :     filename = Assets\Audio\Drone.Esc\Build\Desktop/Master Bank.bank : mode 02010082
[LOG] SystemI::createSoundInternal             :     exinfo->cbsize             = 232
[LOG] SystemI::createSoundInternal             :     exinfo->length             = 9376448
[LOG] SystemI::createSoundInternal             :     exinfo->fileoffset         = 185888
[LOG] SystemI::createSoundInternal             :     exinfo->numsubsounds       = 1
[LOG] SystemI::createSoundInternal             :     exinfo->inclusionlist      = 00000000AE857638
[LOG] SystemI::createSoundInternal             :     exinfo->inclusionlistnum   = 1
[LOG] SystemI::createSoundInternal             :     exinfo->suggestedsoundtype = 5
[LOG] SystemI::createSoundInternal             :     exinfo->initialseekpostype = 1
[LOG] SystemI::createSoundInternal             :     Format has 1 subsounds.
[LOG] SystemI::createSoundInternal             :     Create as FMOD_CREATESTREAM
[LOG] System::createSoundInternal              :     decode buffersize = 19200 : blocksize = 256 : format = 2
[LOG] SystemI::createSample                    :     mode 02010082 length 19200 samples, lengthbytes 46912
[LOG] SystemI::createSample                    :     channels = 2
[LOG] SystemI::createSample                    :     output = 0000000060336718
[LOG] OutputSoftware::createSample             :     lengthpcm 19200, lengthbytes 46912, channels 2, format 2, freq 48000, mode 0201008a
[LOG] System::createSoundInternal              :     1 subsounds detected.
[LOG] System::createSoundInternal              :     Seek stream to start
[LOG] System::createSoundInternal              :     flush stream buffer
[LOG] System::createSoundInternal              :     flush successful.
[LOG] System::createSoundInternal              :     switch file handle from small blocking single buffered to large nonblocking doublebuffered.
[LOG] SystemI::createSoundInternal             :     done.  OpenState now = FMOD_OPENSTATE_READY.

[LOG] AsyncThread::threadFunc                  : Finished Asynchronous operation on sound 000000004DD3EF78
[LOG] AsyncThread::threadFunc                  : Starting Asynchronous operation on sound 000000004DD3F488
[LOG] SystemI::createSoundInternal             :     filename = Assets\Audio\Drone.Esc\Build\Desktop/Master Bank.bank : mode 02010082
[LOG] SystemI::createSoundInternal             :     exinfo->cbsize             = 232
[LOG] SystemI::createSoundInternal             :     exinfo->length             = 9376448
[LOG] SystemI::createSoundInternal             :     exinfo->fileoffset         = 185888
[LOG] SystemI::createSoundInternal             :     exinfo->numsubsounds       = 1
[LOG] SystemI::createSoundInternal             :     exinfo->inclusionlist      = 00000000AE8570F8
[LOG] SystemI::createSoundInternal             :     exinfo->inclusionlistnum   = 1
[LOG] SystemI::createSoundInternal             :     exinfo->suggestedsoundtype = 5
[LOG] SystemI::createSoundInternal             :     exinfo->initialseekpostype = 1
[LOG] SystemI::createSoundInternal             :     Format has 1 subsounds.
[LOG] SystemI::createSoundInternal             :     Create as FMOD_CREATESTREAM
[LOG] System::createSoundInternal              :     decode buffersize = 19200 : blocksize = 256 : format = 2
[LOG] SystemI::createSample                    :     mode 02010082 length 19200 samples, lengthbytes 46912
[LOG] SystemI::createSample                    :     channels = 2
[LOG] SystemI::createSample                    :     output = 0000000060336718
[LOG] OutputSoftware::createSample             :     lengthpcm 19200, lengthbytes 46912, channels 2, format 2, freq 48000, mode 0201008a
[LOG] System::createSoundInternal              :     1 subsounds detected.
[LOG] System::createSoundInternal              :     Seek stream to start
[LOG] System::createSoundInternal              :     flush stream buffer
[LOG] System::createSoundInternal              :     flush successful.
[LOG] System::createSoundInternal              :     switch file handle from small blocking single buffered to large nonblocking doublebuffered.
[LOG] SystemI::createSoundInternal             :     done.  OpenState now = FMOD_OPENSTATE_READY.

[LOG] AsyncThread::threadFunc                  : Finished Asynchronous operation on sound 000000004DD3F488
[LOG] AsyncThread::threadFunc                  : Starting Asynchronous operation on sound 000000004DD3E8B8
[LOG] SystemI::createSoundInternal             :     filename = Assets\Audio\Drone.Esc\Build\Desktop/Master Bank.bank : mode 02010082
[LOG] SystemI::createSoundInternal             :     exinfo->cbsize             = 232
[LOG] SystemI::createSoundInternal             :     exinfo->length             = 9376448
[LOG] SystemI::createSoundInternal             :     exinfo->fileoffset         = 185888
[LOG] SystemI::createSoundInternal             :     exinfo->numsubsounds       = 1
[LOG] SystemI::createSoundInternal             :     exinfo->inclusionlist      = 00000000AE8589E8
[LOG] SystemI::createSoundInternal             :     exinfo->inclusionlistnum   = 1
[LOG] SystemI::createSoundInternal             :     exinfo->suggestedsoundtype = 5
[LOG] SystemI::createSoundInternal             :     exinfo->initialseekpostype = 1
[LOG] SystemI::createSoundInternal             :     Format has 1 subsounds.
[LOG] SystemI::createSoundInternal             :     Create as FMOD_CREATESTREAM
[LOG] System::createSoundInternal              :     decode buffersize = 19200 : blocksize = 256 : format = 2
[LOG] SystemI::createSample                    :     mode 02010082 length 19200 samples, lengthbytes 46912
[LOG] SystemI::createSample                    :     channels = 2
[LOG] SystemI::createSample                    :     output = 0000000060336718
[LOG] OutputSoftware::createSample             :     lengthpcm 19200, lengthbytes 46912, channels 2, format 2, freq 48000, mode 0201008a
[LOG] System::createSoundInternal              :     1 subsounds detected.
[LOG] System::createSoundInternal              :     Seek stream to start
[LOG] System::createSoundInternal              :     flush stream buffer
[LOG] System::createSoundInternal              :     flush successful.
[LOG] System::createSoundInternal              :     switch file handle from small blocking single buffered to large nonblocking doublebuffered.
[LOG] SystemI::createSoundInternal             :     done.  OpenState now = FMOD_OPENSTATE_READY.

[LOG] AsyncThread::threadFunc                  : Finished Asynchronous operation on sound 000000004DD3E8B8
[LOG] AsyncThread::threadFunc                  : Starting Asynchronous operation on sound 000000004DD3F638
[LOG] SystemI::createSoundInternal             :     filename = Assets\Audio\Drone.Esc\Build\Desktop/Master Bank.bank : mode 02010082
[LOG] SystemI::createSoundInternal             :     exinfo->cbsize             = 232
[LOG] SystemI::createSoundInternal             :     exinfo->length             = 9376448
[LOG] SystemI::createSoundInternal             :     exinfo->fileoffset         = 185888
[LOG] SystemI::createSoundInternal             :     exinfo->numsubsounds       = 1
[LOG] SystemI::createSoundInternal             :     exinfo->inclusionlist      = 00000000AE857398
[LOG] SystemI::createSoundInternal             :     exinfo->inclusionlistnum   = 1
[LOG] SystemI::createSoundInternal             :     exinfo->suggestedsoundtype = 5
[LOG] SystemI::createSoundInternal             :     exinfo->initialseekpostype = 1
[LOG] SystemI::createSoundInternal             :     Format has 1 subsounds.
[LOG] SystemI::createSoundInternal             :     Create as FMOD_CREATESTREAM
[LOG] System::createSoundInternal              :     decode buffersize = 19200 : blocksize = 256 : format = 2
[LOG] SystemI::createSample                    :     mode 02010082 length 19200 samples, lengthbytes 46912
[LOG] SystemI::createSample                    :     channels = 2
[LOG] SystemI::createSample                    :     output = 0000000060336718
[LOG] OutputSoftware::createSample             :     lengthpcm 19200, lengthbytes 46912, channels 2, format 2, freq 48000, mode 0201008a
[LOG] System::createSoundInternal              :     1 subsounds detected.
[LOG] System::createSoundInternal              :     Seek stream to start
[LOG] System::createSoundInternal              :     flush stream buffer
[LOG] System::createSoundInternal              :     flush successful.
[LOG] System::createSoundInternal              :     switch file handle from small blocking single buffered to large nonblocking doublebuffered.
[LOG] SystemI::createSoundInternal             :     done.  OpenState now = FMOD_OPENSTATE_READY.

[LOG] AsyncThread::threadFunc                  : Finished Asynchronous operation on sound 000000004DD3F638
[LOG] AsyncThread::threadFunc                  : Starting Asynchronous operation on sound 000000004DD3E3A8
[LOG] SystemI::createSoundInternal             :     filename = Assets\Audio\Drone.Esc\Build\Desktop/Master Bank.bank : mode 02010082
[LOG] SystemI::createSoundInternal             :     exinfo->cbsize             = 232
[LOG] SystemI::createSoundInternal             :     exinfo->length             = 9376448
[LOG] SystemI::createSoundInternal             :     exinfo->fileoffset         = 185888
[LOG] SystemI::createSoundInternal             :     exinfo->numsubsounds       = 1
[LOG] SystemI::createSoundInternal             :     exinfo->inclusionlist      = 00000000AE857788
[LOG] SystemI::createSoundInternal             :     exinfo->inclusionlistnum   = 1
[LOG] SystemI::createSoundInternal             :     exinfo->suggestedsoundtype = 5
[LOG] SystemI::createSoundInternal             :     exinfo->initialseekpostype = 1
[LOG] SystemI::createSoundInternal             :     Format has 1 subsounds.
[LOG] SystemI::createSoundInternal             :     Create as FMOD_CREATESTREAM
[LOG] System::createSoundInternal              :     decode buffersize = 19200 : blocksize = 256 : format = 2
[LOG] SystemI::createSample                    :     mode 02010082 length 19200 samples, lengthbytes 46912
[LOG] SystemI::createSample                    :     channels = 2
[LOG] SystemI::createSample                    :     output = 0000000060336718
[LOG] OutputSoftware::createSample             :     lengthpcm 19200, lengthbytes 46912, channels 2, format 2, freq 48000, mode 0201008a
[LOG] System::createSoundInternal              :     1 subsounds detected.
[LOG] System::createSoundInternal              :     Seek stream to start
[LOG] System::createSoundInternal              :     flush stream buffer
[LOG] System::createSoundInternal              :     flush successful.
[LOG] System::createSoundInternal              :     switch file handle from small blocking single buffered to large nonblocking doublebuffered.
[LOG] SystemI::createSoundInternal             :     done.  OpenState now = FMOD_OPENSTATE_READY.

[LOG] AsyncThread::threadFunc                  : Finished Asynchronous operation on sound 000000004DD3E3A8
[LOG] AsyncThread::threadFunc                  : Starting Asynchronous operation on sound 000000004CFA63D8
[LOG] SystemI::createSoundInternal             :     filename = Assets\Audio\Drone.Esc\Build\Desktop/Master Bank.bank : mode 02010082
[LOG] SystemI::createSoundInternal             :     exinfo->cbsize             = 232
[LOG] SystemI::createSoundInternal             :     exinfo->length             = 9376448
[LOG] SystemI::createSoundInternal             :     exinfo->fileoffset         = 185888
[LOG] SystemI::createSoundInternal             :     exinfo->numsubsounds       = 1
[LOG] SystemI::createSoundInternal             :     exinfo->inclusionlist      = 00000000AE8578D8
[LOG] SystemI::createSoundInternal             :     exinfo->inclusionlistnum   = 1
[LOG] SystemI::createSoundInternal             :     exinfo->suggestedsoundtype = 5
[LOG] SystemI::createSoundInternal             :     exinfo->initialseekpostype = 1
[LOG] SystemI::createSoundInternal             :     Format has 1 subsounds.
[LOG] SystemI::createSoundInternal             :     Create as FMOD_CREATESTREAM
[LOG] System::createSoundInternal              :     decode buffersize = 19200 : blocksize = 256 : format = 2
[LOG] SystemI::createSample                    :     mode 02010082 length 19200 samples, lengthbytes 46912
[LOG] SystemI::createSample                    :     channels = 2
[LOG] SystemI::createSample                    :     output = 0000000060336718
[LOG] OutputSoftware::createSample             :     lengthpcm 19200, lengthbytes 46912, channels 2, format 2, freq 48000, mode 0201008a
[LOG] System::createSoundInternal              :     1 subsounds detected.
[LOG] System::createSoundInternal              :     Seek stream to start
[LOG] System::createSoundInternal              :     flush stream buffer
[LOG] System::createSoundInternal              :     flush successful.
[LOG] System::createSoundInternal              :     switch file handle from small blocking single buffered to large nonblocking doublebuffered.
[LOG] SystemI::createSoundInternal             :     done.  OpenState now = FMOD_OPENSTATE_READY.

[LOG] AsyncThread::threadFunc                  : Finished Asynchronous operation on sound 000000004CFA63D8
[LOG] AsyncThread::threadFunc                  : Starting Asynchronous operation on sound 000000004CFA6738
[LOG] SystemI::createSoundInternal             :     filename = Assets\Audio\Drone.Esc\Build\Desktop/Master Bank.bank : mode 02010082
[LOG] SystemI::createSoundInternal             :     exinfo->cbsize             = 232
[LOG] SystemI::createSoundInternal             :     exinfo->length             = 9376448
[LOG] SystemI::createSoundInternal             :     exinfo->fileoffset         = 185888
[LOG] SystemI::createSoundInternal             :     exinfo->numsubsounds       = 1
[LOG] SystemI::createSoundInternal             :     exinfo->inclusionlist      = 00000000AE857E18
[LOG] SystemI::createSoundInternal             :     exinfo->inclusionlistnum   = 1
[LOG] SystemI::createSoundInternal             :     exinfo->suggestedsoundtype = 5
[LOG] SystemI::createSoundInternal             :     exinfo->initialseekpostype = 1
[LOG] SystemI::createSoundInternal             :     Format has 1 subsounds.
[LOG] SystemI::createSoundInternal             :     Create as FMOD_CREATESTREAM
[LOG] System::createSoundInternal              :     decode buffersize = 19200 : blocksize = 256 : format = 2
[LOG] SystemI::createSample                    :     mode 02010082 length 19200 samples, lengthbytes 46912
[LOG] SystemI::createSample                    :     channels = 2
[LOG] SystemI::createSample                    :     output = 0000000060336718
[LOG] OutputSoftware::createSample             :     lengthpcm 19200, lengthbytes 46912, channels 2, format 2, freq 48000, mode 0201008a
[LOG] System::createSoundInternal              :     1 subsounds detected.
[LOG] System::createSoundInternal              :     Seek stream to start
[LOG] System::createSoundInternal              :     flush stream buffer
[LOG] System::createSoundInternal              :     flush successful.
[LOG] System::createSoundInternal              :     switch file handle from small blocking single buffered to large nonblocking doublebuffered.
[LOG] SystemI::createSoundInternal             :     done.  OpenState now = FMOD_OPENSTATE_READY.

[LOG] AsyncThread::threadFunc                  : Finished Asynchronous operation on sound 000000004CFA6738
[LOG] AsyncThread::threadFunc                  : Starting Asynchronous operation on sound 00000000B3B0A848
[LOG] SystemI::createSoundInternal             :     filename = Assets\Audio\Drone.Esc\Build\Desktop/Master Bank.bank : mode 02010082
[LOG] SystemI::createSoundInternal             :     exinfo->cbsize             = 232
[LOG] SystemI::createSoundInternal             :     exinfo->length             = 9376448
[LOG] SystemI::createSoundInternal             :     exinfo->fileoffset         = 185888
[LOG] SystemI::createSoundInternal             :     exinfo->numsubsounds       = 1
[LOG] SystemI::createSoundInternal             :     exinfo->inclusionlist      = 00000000AE857F68
[LOG] SystemI::createSoundInternal             :     exinfo->inclusionlistnum   = 1
[LOG] SystemI::createSoundInternal             :     exinfo->suggestedsoundtype = 5
[LOG] SystemI::createSoundInternal             :     exinfo->initialseekpostype = 1
[LOG] SystemI::createSoundInternal             :     Format has 1 subsounds.
[LOG] SystemI::createSoundInternal             :     Create as FMOD_CREATESTREAM
[LOG] System::createSoundInternal              :     decode buffersize = 19200 : blocksize = 256 : format = 2
[LOG] SystemI::createSample                    :     mode 02010082 length 19200 samples, lengthbytes 46912
[LOG] SystemI::createSample                    :     channels = 2
[LOG] SystemI::createSample                    :     output = 0000000060336718
[LOG] OutputSoftware::createSample             :     lengthpcm 19200, lengthbytes 46912, channels 2, format 2, freq 48000, mode 0201008a
[LOG] System::createSoundInternal              :     1 subsounds detected.
[LOG] System::createSoundInternal              :     Seek stream to start
[LOG] System::createSoundInternal              :     flush stream buffer
[LOG] System::createSoundInternal              :     flush successful.
[LOG] System::createSoundInternal              :     switch file handle from small blocking single buffered to large nonblocking doublebuffered.
[LOG] SystemI::createSoundInternal             :     done.  OpenState now = FMOD_OPENSTATE_READY.

[LOG] AsyncThread::threadFunc                  : Finished Asynchronous operation on sound 00000000B3B0A848
[LOG] SoundI::getSubSound                      : sound 000000004DD3F7E8.  Subsound index 0 / 1
[LOG] SoundI::getSubSound                      : sound 000000004DD3E048.  Subsound index 0 / 1
[LOG] SoundI::getSubSound                      : sound 000000004DD3EA68.  Subsound index 0 / 1
[LOG] SoundI::getSubSound                      : sound 000000004DD3EC18.  Subsound index 0 / 1
[LOG] SoundI::getSubSound                      : sound 000000004DD3E708.  Subsound index 0 / 1
[LOG] SoundI::getSubSound                      : sound 000000004DD3EDC8.  Subsound index 0 / 1
[LOG] SoundI::getSubSound                      : sound 000000004DD3DE98.  Subsound index 0 / 1
[LOG] SoundI::getSubSound                      : sound 000000004DD3E1F8.  Subsound index 0 / 1
[LOG] SoundI::getSubSound                      : sound 000000004DD3EF78.  Subsound index 0 / 1
[LOG] SoundI::getSubSound                      : sound 000000004DD3F488.  Subsound index 0 / 1
[LOG] SoundI::getSubSound                      : sound 000000004DD3E8B8.  Subsound index 0 / 1
[LOG] SoundI::getSubSound                      : sound 000000004DD3F638.  Subsound index 0 / 1
[LOG] SoundI::getSubSound                      : sound 000000004DD3E3A8.  Subsound index 0 / 1
[LOG] SoundI::getSubSound                      : sound 000000004CFA63D8.  Subsound index 0 / 1
[LOG] SoundI::getSubSound                      : sound 000000004CFA6738.  Subsound index 0 / 1
[LOG] SoundI::getSubSound                      : sound 00000000B3B0A848.  Subsound index 0 / 1
